Ciclos: 10000
y=-1.6239881   		yAda=-1.3855716389196475   		Erro=0.23841646108035253
y=-1.0618243   		yAda=-1.4042063054013632   		Erro=-0.3423820054013631
y=-1.3302606   		yAda=-1.2036512723838446   		Erro=0.1266093276161553
y=-0.8884057   		yAda=-1.0128890106904351   		Erro=-0.12448331069043517
y=-0.9198156   		yAda=-0.3421926675236031   		Erro=0.5776229324763968
y=-0.4542355   		yAda=-0.30358382841891096   		Erro=0.15065167158108905
y=-0.2378872   		yAda=-0.3452560151380457   		Erro=-0.10736881513804572
y=-0.451436   		yAda=0.29617128103487067   		Erro=0.7476072810348706
y=-0.1417166   		yAda=-0.008429078339080576   		Erro=0.13328752166091942
y=0.464144   		yAda=0.2617500707161652   		Erro=-0.20239392928383482
y=0.8016596   		yAda=0.49739810883846625   		Erro=-0.3042614911615338
y=0.2934546   		yAda=0.6496852989909595   		Erro=0.3562306989909595
y=1.1213746   		yAda=1.0438859887410612   		Erro=-0.0774886112589388
y=0.8547785   		yAda=1.186057394104918   		Erro=0.33127889410491795
y=1.2483002   		yAda=1.2812710338809794   		Erro=0.03297083388097932
y=1.8912561   		yAda=1.6664173492590137   		Erro=-0.22483875074098636
y=1.8531781   		yAda=1.8028172474777997   		Erro=-0.05036085252220035
y=1.9523057   		yAda=1.958437432491715   		Erro=0.006131732491715169
y=1.8967559   		yAda=2.041632408682441   		Erro=0.14487650868244106
y=2.7176396   		yAda=2.4985375592041192   		Erro=-0.2191020407958808
y=2.2022322   		yAda=2.5396078622902447   		Erro=0.3373756622902446
y=2.5712507   		yAda=3.1021284183471765   		Erro=0.5308777183471767
y=3.3505474   		yAda=2.6874327073231443   		Erro=-0.6631146926768556
y=3.5432877   		yAda=3.1970391097932764   		Erro=-0.3462485902067236
y=3.4236653   		yAda=3.244786385623272   		Erro=-0.1788789143767282
y=4.0951618   		yAda=3.55214834114938   		Erro=-0.5430134588506195
y=3.9549787   		yAda=3.658848179202969   		Erro=-0.29613052079703106
y=4.5025232   		yAda=3.752535038248484   		Erro=-0.7499881617515158
y=3.7643277   		yAda=4.4115312958437105   		Erro=0.6472035958437106
y=4.666918   		yAda=4.213910419135619   		Erro=-0.453007580864381
y=4.5328549   		yAda=4.344824298352024   		Erro=-0.18803060164797625
y=4.9349832   		yAda=4.949783529268526   		Erro=0.014800329268526369
y=5.3850333   		yAda=4.775988697384321   		Erro=-0.609044602615679
y=4.7989586   		yAda=5.360114827110444   		Erro=0.5611562271104447
y=5.7666838   		yAda=5.662979446738436   		Erro=-0.10370435326156446
y=6.0690915   		yAda=5.557630379463056   		Erro=-0.5114611205369437
y=5.9136599   		yAda=5.7610938713369615   		Erro=-0.15256602866303837
y=6.1221843   		yAda=6.292393570836529   		Erro=0.17020927083652904
y=6.5711131   		yAda=5.955255378037853   		Erro=-0.615857721962147
y=6.0160765   		yAda=6.216955494053228   		Erro=0.2008789940532285
y=6.722859   		yAda=6.672994886821353   		Erro=-0.04986411317864636
y=6.492281   		yAda=6.893687359293635   		Erro=0.40140635929363455
y=7.2993508   		yAda=7.162274744743931   		Erro=-0.13707605525606859
y=7.0432869   		yAda=7.507915203896187   		Erro=0.4646283038961867
y=7.5261253   		yAda=7.437027618016609   		Erro=-0.0890976819833913
y=8.1722142   		yAda=7.529154395248596   		Erro=-0.6430598047514051
y=8.1273208   		yAda=7.757073625151865   		Erro=-0.3702471748481351
y=7.595554   		yAda=8.334826997735735   		Erro=0.7392729977357355
y=8.3859757   		yAda=8.554658499925171   		Erro=0.16868279992517188
y=8.3096467   		yAda=8.329668498052662   		Erro=0.02002179805266202
